2026-06-21 15:34:05,255 | INFO | __main__ | ========================================
2026-06-21 15:34:05,255 | INFO | __main__ | STARTING ETL PIPELINE
2026-06-21 15:34:05,255 | INFO | __main__ | ========================================
2026-06-21 15:34:05,258 | INFO | __main__ | Environment variables loaded successfully
2026-06-21 15:34:05,343 | INFO | loaders.bigquery_loader | Connected to BigQuery project=etl-project-497923
2026-06-21 15:34:05,343 | INFO | __main__ | Pipeline orchestrator initialized
2026-06-21 15:34:05,344 | INFO | orchestration.pipeline_orchestrator | 

2026-06-21 15:34:05,344 | INFO | orchestration.pipeline_orchestrator | ========================================
2026-06-21 15:34:05,344 | INFO | orchestration.pipeline_orchestrator | START ETL PIPELINE
2026-06-21 15:34:05,344 | INFO | orchestration.pipeline_orchestrator | ========================================
2026-06-21 15:34:07,448 | INFO | loaders.bigquery_loader | Dataset exists: etl-project-497923.end_to_end
2026-06-21 15:34:07,449 | INFO | orchestration.pipeline_orchestrator | 

2026-06-21 15:34:07,449 | INFO | orchestration.pipeline_orchestrator | ========================================
2026-06-21 15:34:07,449 | INFO | orchestration.pipeline_orchestrator | 
EXTRACT
2026-06-21 15:34:07,449 | INFO | orchestration.pipeline_orchestrator | ========================================
2026-06-21 15:39:05,614 | INFO | orchestration.pipeline_orchestrator |   shopify: 500,000 rows extracted
2026-06-21 15:39:05,621 | INFO | orchestration.pipeline_orchestrator |   product: 1,300 rows extracted
2026-06-21 15:39:05,622 | INFO | orchestration.pipeline_orchestrator |   customer: 100,000 rows extracted
2026-06-21 15:39:05,622 | INFO | orchestration.pipeline_orchestrator |   online: 200,000 rows extracted
2026-06-21 15:39:05,622 | INFO | orchestration.pipeline_orchestrator |   tracking: 3,010,000 rows extracted
2026-06-21 15:39:05,623 | INFO | orchestration.pipeline_orchestrator |   momo: 40,000 rows extracted
2026-06-21 15:39:05,624 | INFO | orchestration.pipeline_orchestrator |   paypal: 11,000 rows extracted
2026-06-21 15:39:05,624 | INFO | orchestration.pipeline_orchestrator |   zalopay: 55,000 rows extracted
2026-06-21 15:39:05,624 | INFO | orchestration.pipeline_orchestrator |   mercury: 5,003 rows extracted
2026-06-21 15:39:05,625 | INFO | orchestration.pipeline_orchestrator |   odoo: 5,000 rows extracted
2026-06-21 15:39:05,625 | INFO | orchestration.pipeline_orchestrator |   sapo: 5,000 rows extracted
2026-06-21 15:39:05,625 | INFO | orchestration.pipeline_orchestrator |   location: 50 rows extracted
2026-06-21 15:39:05,625 | INFO | orchestration.pipeline_orchestrator | Extract completed
2026-06-21 15:39:05,627 | INFO | orchestration.pipeline_orchestrator | Extract finished in 298.18s
2026-06-21 15:39:05,629 | INFO | orchestration.pipeline_orchestrator | 

2026-06-21 15:39:05,630 | INFO | orchestration.pipeline_orchestrator | ========================================
2026-06-21 15:39:05,630 | INFO | orchestration.pipeline_orchestrator | 
TRANSFORM FACTS
2026-06-21 15:39:05,631 | INFO | orchestration.pipeline_orchestrator | ========================================
2026-06-21 15:43:39,937 | INFO | orchestration.pipeline_orchestrator |   fact_orders: 700,000 rows
2026-06-21 15:43:39,938 | INFO | orchestration.pipeline_orchestrator |   fact_order_items: 2,089,696 rows
2026-06-21 15:43:39,939 | INFO | orchestration.pipeline_orchestrator |   fact_payments: 106,000 rows
2026-06-21 15:43:39,939 | INFO | orchestration.pipeline_orchestrator |   fact_cart_events: 3,010,000 rows
2026-06-21 15:43:39,939 | INFO | orchestration.pipeline_orchestrator |   fact_bank_transactions: 5,001 rows
2026-06-21 15:43:39,939 | INFO | orchestration.pipeline_orchestrator | Fact transformation completed
2026-06-21 15:43:40,594 | INFO | orchestration.pipeline_orchestrator | Fact transformation finished in 274.97s
2026-06-21 15:43:40,594 | INFO | orchestration.pipeline_orchestrator | 

2026-06-21 15:43:40,595 | INFO | orchestration.pipeline_orchestrator | ========================================
2026-06-21 15:43:40,595 | INFO | orchestration.pipeline_orchestrator | 
TRANSFORM DIMENSIONS
2026-06-21 15:43:40,595 | INFO | orchestration.pipeline_orchestrator | ========================================
2026-06-21 15:43:43,152 | INFO | orchestration.pipeline_orchestrator |   dim_product: 1,300 rows
2026-06-21 15:43:43,152 | INFO | orchestration.pipeline_orchestrator |   dim_customer: 100,000 rows
2026-06-21 15:43:43,153 | INFO | orchestration.pipeline_orchestrator |   dim_location: 50 rows
2026-06-21 15:43:43,153 | INFO | orchestration.pipeline_orchestrator |   dim_date: 421 rows
2026-06-21 15:43:43,153 | INFO | orchestration.pipeline_orchestrator | Dimension transformation completed
2026-06-21 15:43:43,153 | INFO | orchestration.pipeline_orchestrator | Dimension transformation finished in 2.56s
2026-06-21 15:43:43,154 | INFO | orchestration.pipeline_orchestrator | 

2026-06-21 15:43:43,154 | INFO | orchestration.pipeline_orchestrator | ========================================
2026-06-21 15:43:43,155 | INFO | orchestration.pipeline_orchestrator | LOAD DIMENSIONS
2026-06-21 15:43:43,155 | INFO | orchestration.pipeline_orchestrator | ========================================
2026-06-21 15:43:44,181 | INFO | loaders.bigquery_loader | dim_product: Đã xóa bảng cũ để tạo lại với schema mới
2026-06-21 15:43:49,187 | INFO | loaders.bigquery_loader | Loading 1300 rows into etl-project-497923.end_to_end.dim_product
2026-06-21 15:43:49,189 | INFO | loaders.bigquery_loader | product_id                 int64
product_name              object
sku                       object
barcode                   object
category                  object
brand                     object
price_vnd                  int64
price_usd                float64
stock_quantity             int64
source_system             object
ingestion_time    datetime64[us]
dtype: object
2026-06-21 15:43:54,455 | INFO | loaders.bigquery_loader | Load completed | job_id=c2816a9e-b8cf-4820-8a3b-a844e55b46b2
2026-06-21 15:43:54,456 | INFO | loaders.bigquery_loader | dim_product: job output_rows = 1300 (ground truth từ load job)
2026-06-21 15:43:54,876 | INFO | loaders.bigquery_loader | TABLE_ID = etl-project-497923.end_to_end.dim_product
2026-06-21 15:43:54,876 | INFO | loaders.bigquery_loader | PROJECT = etl-project-497923
2026-06-21 15:43:54,877 | INFO | loaders.bigquery_loader | DATASET = end_to_end
2026-06-21 15:43:54,877 | INFO | loaders.bigquery_loader | dim_product: metadata num_rows = 1300
2026-06-21 15:43:56,305 | INFO | loaders.bigquery_loader | dim_product: actual count = 1300
2026-06-21 15:43:56,675 | INFO | loaders.bigquery_loader | dim_product: 1300 rows
2026-06-21 15:43:56,675 | INFO | orchestration.pipeline_orchestrator |   ✓ dim_product: 1,300 rows loaded
2026-06-21 15:43:57,091 | INFO | loaders.bigquery_loader | dim_customer: Đã xóa bảng cũ để tạo lại với schema mới
2026-06-21 15:44:02,092 | INFO | loaders.bigquery_loader | created_at dtype = datetime64[us]
2026-06-21 15:44:02,093 | INFO | loaders.bigquery_loader | 0   2024-06-26 19:59:26.216251
1   2025-10-07 19:59:26.216251
2   2025-07-06 19:59:26.216251
3   2024-07-23 19:59:26.216251
4   2025-05-11 19:59:26.216251
Name: created_at, dtype: datetime64[us]
2026-06-21 15:44:02,100 | INFO | loaders.bigquery_loader | dim_customer: Time partitioning on 'created_at' (DATETIME)
2026-06-21 15:44:02,100 | INFO | loaders.bigquery_loader | dim_customer: Cấu hình Clustering theo các cột: ['customer_id']
2026-06-21 15:44:02,101 | INFO | loaders.bigquery_loader | Loading 100000 rows into etl-project-497923.end_to_end.dim_customer
2026-06-21 15:44:02,117 | INFO | loaders.bigquery_loader | customer_id                    int64
full_name                     object
phone                         object
city                          object
country                       object
created_at            datetime64[us]
lifetime_value_vnd             int64
total_orders                   int64
customer_segment              object
first_order_date      datetime64[us]
last_order_date       datetime64[us]
source_system                 object
ingestion_time        datetime64[us]
dtype: object
2026-06-21 15:44:16,719 | INFO | loaders.bigquery_loader | Load completed | job_id=e8ef6d98-23ab-4452-8338-3b1b1b97fe24
2026-06-21 15:44:16,719 | INFO | loaders.bigquery_loader | dim_customer: job output_rows = 100000 (ground truth từ load job)
2026-06-21 15:44:16,720 | INFO | loaders.bigquery_loader | dim_customer: partitioned table — waiting 15s for BigQuery metadata propagation...
2026-06-21 15:44:27,110 | INFO | loaders.bigquery_loader | TABLE_ID = etl-project-497923.end_to_end.dim_customer
2026-06-21 15:44:27,110 | INFO | loaders.bigquery_loader | PROJECT = etl-project-497923
2026-06-21 15:44:27,110 | INFO | loaders.bigquery_loader | DATASET = end_to_end
2026-06-21 15:44:27,111 | INFO | loaders.bigquery_loader | dim_customer: metadata num_rows = 100000
2026-06-21 15:44:29,898 | INFO | loaders.bigquery_loader | dim_customer: actual count = 100000
2026-06-21 15:44:30,284 | INFO | loaders.bigquery_loader | dim_customer: 100000 rows
2026-06-21 15:44:30,284 | INFO | orchestration.pipeline_orchestrator |   ✓ dim_customer: 100,000 rows loaded
2026-06-21 15:44:30,582 | INFO | loaders.bigquery_loader | dim_location: Đã xóa bảng cũ để tạo lại với schema mới
2026-06-21 15:44:35,583 | INFO | loaders.bigquery_loader | Loading 50 rows into etl-project-497923.end_to_end.dim_location
2026-06-21 15:44:35,585 | INFO | loaders.bigquery_loader | location_id                int64
location_code             object
location_name             object
city                      object
address                   object
phone                     object
is_active                 object
source_system             object
ingestion_time    datetime64[us]
dtype: object
2026-06-21 15:44:39,134 | INFO | loaders.bigquery_loader | Load completed | job_id=4c660b54-ad00-419a-8979-3875be63258a
2026-06-21 15:44:39,135 | INFO | loaders.bigquery_loader | dim_location: job output_rows = 50 (ground truth từ load job)
2026-06-21 15:44:39,507 | INFO | loaders.bigquery_loader | TABLE_ID = etl-project-497923.end_to_end.dim_location
2026-06-21 15:44:39,507 | INFO | loaders.bigquery_loader | PROJECT = etl-project-497923
2026-06-21 15:44:39,507 | INFO | loaders.bigquery_loader | DATASET = end_to_end
2026-06-21 15:44:39,508 | INFO | loaders.bigquery_loader | dim_location: metadata num_rows = 50
2026-06-21 15:44:40,974 | INFO | loaders.bigquery_loader | dim_location: actual count = 50
2026-06-21 15:44:41,353 | INFO | loaders.bigquery_loader | dim_location: 50 rows
2026-06-21 15:44:41,354 | INFO | orchestration.pipeline_orchestrator |   ✓ dim_location: 50 rows loaded
2026-06-21 15:44:41,700 | INFO | loaders.bigquery_loader | dim_date: Đã xóa bảng cũ để tạo lại với schema mới
2026-06-21 15:44:46,701 | INFO | loaders.bigquery_loader | Loading 421 rows into etl-project-497923.end_to_end.dim_date
2026-06-21 15:44:46,703 | INFO | loaders.bigquery_loader | date_key                   int64
full_date         datetime64[us]
year                       int32
quarter                   object
month                      int32
month_name                object
week                       int64
day_of_month               int32
day_of_week                int32
day_name                  object
is_weekend                  bool
is_holiday                  bool
fiscal_year                int32
fiscal_quarter            object
source_system             object
ingestion_time    datetime64[us]
dtype: object
2026-06-21 15:44:51,321 | INFO | loaders.bigquery_loader | Load completed | job_id=c7e02c43-f37d-4fdb-9928-95e3a1a46612
2026-06-21 15:44:51,321 | INFO | loaders.bigquery_loader | dim_date: job output_rows = 421 (ground truth từ load job)
2026-06-21 15:44:51,710 | INFO | loaders.bigquery_loader | TABLE_ID = etl-project-497923.end_to_end.dim_date
2026-06-21 15:44:51,710 | INFO | loaders.bigquery_loader | PROJECT = etl-project-497923
2026-06-21 15:44:51,710 | INFO | loaders.bigquery_loader | DATASET = end_to_end
2026-06-21 15:44:51,710 | INFO | loaders.bigquery_loader | dim_date: metadata num_rows = 421
2026-06-21 15:44:53,177 | INFO | loaders.bigquery_loader | dim_date: actual count = 421
2026-06-21 15:44:53,552 | INFO | loaders.bigquery_loader | dim_date: 421 rows
2026-06-21 15:44:53,553 | INFO | orchestration.pipeline_orchestrator |   ✓ dim_date: 421 rows loaded
2026-06-21 15:44:53,553 | INFO | orchestration.pipeline_orchestrator | 

2026-06-21 15:44:53,553 | INFO | orchestration.pipeline_orchestrator | ========================================
2026-06-21 15:44:53,553 | INFO | orchestration.pipeline_orchestrator | LOAD FACTS
2026-06-21 15:44:53,553 | INFO | orchestration.pipeline_orchestrator | ========================================
2026-06-21 15:44:54,564 | INFO | loaders.bigquery_loader | fact_orders: Đã xóa bảng cũ để tạo lại với schema mới
2026-06-21 15:44:59,565 | INFO | loaders.bigquery_loader | order_date dtype = datetime64[us]
2026-06-21 15:44:59,566 | INFO | loaders.bigquery_loader | 0   2025-12-25 15:48:54.546468
1   2025-03-04 15:48:54.546468
2   2025-03-31 15:48:54.546468
3   2025-10-01 15:48:54.547481
4   2025-05-27 15:48:54.547481
Name: order_date, dtype: datetime64[us]
2026-06-21 15:44:59,567 | INFO | loaders.bigquery_loader | fact_orders: Time partitioning on 'order_date' (DATETIME)
2026-06-21 15:44:59,567 | INFO | loaders.bigquery_loader | fact_orders: Cấu hình Clustering theo các cột: ['customer_id', 'channel']
2026-06-21 15:44:59,567 | INFO | loaders.bigquery_loader | Loading 700000 rows into etl-project-497923.end_to_end.fact_orders
2026-06-21 15:44:59,583 | INFO | loaders.bigquery_loader | order_key                 object
order_id                  object
transaction_id            object
customer_id                int64
order_date        datetime64[us]
channel                   object
source                    object
status                    object
payment_status            object
total_vnd                  int64
total_usd                float64
order_date_key             Int64
source_system             object
ingestion_time    datetime64[us]
dtype: object
2026-06-21 15:45:24,099 | INFO | loaders.bigquery_loader | Load completed | job_id=e2a2ef47-d9b1-4d59-9dc1-7c9aea105dc1
2026-06-21 15:45:24,099 | INFO | loaders.bigquery_loader | fact_orders: job output_rows = 700000 (ground truth từ load job)
2026-06-21 15:45:24,099 | INFO | loaders.bigquery_loader | fact_orders: partitioned table — waiting 15s for BigQuery metadata propagation...
2026-06-21 15:45:34,500 | INFO | loaders.bigquery_loader | TABLE_ID = etl-project-497923.end_to_end.fact_orders
2026-06-21 15:45:34,500 | INFO | loaders.bigquery_loader | PROJECT = etl-project-497923
2026-06-21 15:45:34,500 | INFO | loaders.bigquery_loader | DATASET = end_to_end
2026-06-21 15:45:34,500 | INFO | loaders.bigquery_loader | fact_orders: metadata num_rows = 700000
2026-06-21 15:45:36,415 | INFO | loaders.bigquery_loader | fact_orders: actual count = 700000
2026-06-21 15:45:36,807 | INFO | loaders.bigquery_loader | fact_orders: 700000 rows
2026-06-21 15:45:36,807 | INFO | orchestration.pipeline_orchestrator |   ✓ fact_orders: 700,000 rows loaded
2026-06-21 15:45:38,510 | INFO | loaders.bigquery_loader | fact_order_items: Đã xóa bảng cũ để tạo lại với schema mới
2026-06-21 15:45:43,511 | INFO | loaders.bigquery_loader | order_date dtype = datetime64[us]
2026-06-21 15:45:43,512 | INFO | loaders.bigquery_loader | 0   2025-12-25 15:48:54.546468
1   2025-12-25 15:48:54.546468
2   2025-12-25 15:48:54.546468
3   2025-12-25 15:48:54.546468
4   2025-03-04 15:48:54.546468
Name: order_date, dtype: datetime64[us]
2026-06-21 15:45:43,513 | INFO | loaders.bigquery_loader | fact_order_items: Time partitioning on 'order_date' (DATETIME)
2026-06-21 15:45:43,513 | INFO | loaders.bigquery_loader | fact_order_items: Cấu hình Clustering theo các cột: ['product_id']
2026-06-21 15:45:43,513 | INFO | loaders.bigquery_loader | Loading 2089696 rows into etl-project-497923.end_to_end.fact_order_items
2026-06-21 15:45:43,562 | INFO | loaders.bigquery_loader | order_item_key            object
order_key                 object
transaction_id            object
order_date        datetime64[us]
order_date_key             Int64
product_id                 int64
product_name              object
quantity                   int64
unit_price_vnd             int64
line_total_vnd             int64
source_system             object
ingestion_time    datetime64[us]
dtype: object
2026-06-21 15:46:28,575 | INFO | loaders.bigquery_loader | Load completed | job_id=544f79f9-319a-4267-a8d4-a1a5b5584add
2026-06-21 15:46:28,575 | INFO | loaders.bigquery_loader | fact_order_items: job output_rows = 2089696 (ground truth từ load job)
2026-06-21 15:46:28,575 | INFO | loaders.bigquery_loader | fact_order_items: partitioned table — waiting 15s for BigQuery metadata propagation...
2026-06-21 15:46:38,973 | INFO | loaders.bigquery_loader | TABLE_ID = etl-project-497923.end_to_end.fact_order_items
2026-06-21 15:46:38,973 | INFO | loaders.bigquery_loader | PROJECT = etl-project-497923
2026-06-21 15:46:38,973 | INFO | loaders.bigquery_loader | DATASET = end_to_end
2026-06-21 15:46:38,973 | INFO | loaders.bigquery_loader | fact_order_items: metadata num_rows = 2089696
2026-06-21 15:46:40,781 | INFO | loaders.bigquery_loader | fact_order_items: actual count = 2089696
2026-06-21 15:46:41,158 | INFO | loaders.bigquery_loader | fact_order_items: 2089696 rows
2026-06-21 15:46:41,158 | INFO | orchestration.pipeline_orchestrator |   ✓ fact_order_items: 2,089,696 rows loaded
2026-06-21 15:46:41,766 | INFO | loaders.bigquery_loader | fact_payments: Đã xóa bảng cũ để tạo lại với schema mới
2026-06-21 15:46:46,768 | INFO | loaders.bigquery_loader | payment_date dtype = datetime64[us]
2026-06-21 15:46:46,768 | INFO | loaders.bigquery_loader | 0   2025-12-27 12:10:58.263720
1   2025-11-24 17:58:58.263720
2   2025-10-09 17:27:58.264826
3   2025-12-31 10:25:58.264826
4   2025-11-26 00:03:58.265823
Name: payment_date, dtype: datetime64[us]
2026-06-21 15:46:46,773 | INFO | loaders.bigquery_loader | fact_payments: Time partitioning on 'payment_date' (DATETIME)
2026-06-21 15:46:46,773 | INFO | loaders.bigquery_loader | fact_payments: Cấu hình Clustering theo các cột: ['customer_id', 'payment_gateway']
2026-06-21 15:46:46,774 | INFO | loaders.bigquery_loader | Loading 106000 rows into etl-project-497923.end_to_end.fact_payments
2026-06-21 15:46:46,781 | INFO | loaders.bigquery_loader | payment_key                 object
transaction_id              object
order_id                    object
customer_id                  int64
payment_gateway             object
amount_vnd                 float64
payment_status              object
payment_date        datetime64[us]
payment_method              object
payment_date_key             Int64
source_system               object
ingestion_time      datetime64[us]
dtype: object
2026-06-21 15:46:56,048 | INFO | loaders.bigquery_loader | Load completed | job_id=76ecd642-892b-41c9-b235-60b79be1f37a
2026-06-21 15:46:56,049 | INFO | loaders.bigquery_loader | fact_payments: job output_rows = 106000 (ground truth từ load job)
2026-06-21 15:46:56,049 | INFO | loaders.bigquery_loader | fact_payments: partitioned table — waiting 15s for BigQuery metadata propagation...
2026-06-21 15:47:06,431 | INFO | loaders.bigquery_loader | TABLE_ID = etl-project-497923.end_to_end.fact_payments
2026-06-21 15:47:06,432 | INFO | loaders.bigquery_loader | PROJECT = etl-project-497923
2026-06-21 15:47:06,432 | INFO | loaders.bigquery_loader | DATASET = end_to_end
2026-06-21 15:47:06,432 | INFO | loaders.bigquery_loader | fact_payments: metadata num_rows = 106000
2026-06-21 15:47:08,035 | INFO | loaders.bigquery_loader | fact_payments: actual count = 106000
2026-06-21 15:47:08,397 | INFO | loaders.bigquery_loader | fact_payments: 106000 rows
2026-06-21 15:47:08,397 | INFO | orchestration.pipeline_orchestrator |   ✓ fact_payments: 106,000 rows loaded
2026-06-21 15:47:15,173 | INFO | loaders.bigquery_loader | fact_cart_events: Đã xóa bảng cũ để tạo lại với schema mới
2026-06-21 15:47:20,175 | INFO | loaders.bigquery_loader | event_timestamp dtype = datetime64[us]
2026-06-21 15:47:20,176 | INFO | loaders.bigquery_loader | 0   2025-08-25 23:04:11.545981
1   2025-08-25 23:19:20.551041
2   2025-08-25 23:21:15.511186
3   2025-08-25 23:37:08.495591
4   2025-08-25 23:55:55.495591
Name: event_timestamp, dtype: datetime64[us]
2026-06-21 15:47:20,178 | INFO | loaders.bigquery_loader | fact_cart_events: Time partitioning on 'event_timestamp' (DATETIME)
2026-06-21 15:47:20,179 | INFO | loaders.bigquery_loader | fact_cart_events: Cấu hình Clustering theo các cột: ['customer_id', 'session_id', 'event_type']
2026-06-21 15:47:20,179 | INFO | loaders.bigquery_loader | Loading 3010000 rows into etl-project-497923.end_to_end.fact_cart_events
2026-06-21 15:47:20,269 | INFO | loaders.bigquery_loader | event_key                  object
event_id                   object
session_id                 object
customer_id                 Int64
event_type                 object
event_timestamp    datetime64[us]
product_id                  Int64
source                     object
device                     object
utm_source                 object
utm_campaign               object
event_date_key              Int64
source_system              object
ingestion_time     datetime64[us]
dtype: object
2026-06-21 15:48:34,998 | INFO | loaders.bigquery_loader | Load completed | job_id=9f99185a-d7e5-4eb2-af90-ad514e1b3687
2026-06-21 15:48:34,999 | INFO | loaders.bigquery_loader | fact_cart_events: job output_rows = 3010000 (ground truth từ load job)
2026-06-21 15:48:35,000 | INFO | loaders.bigquery_loader | fact_cart_events: partitioned table — waiting 15s for BigQuery metadata propagation...
2026-06-21 15:48:45,392 | INFO | loaders.bigquery_loader | TABLE_ID = etl-project-497923.end_to_end.fact_cart_events
2026-06-21 15:48:45,393 | INFO | loaders.bigquery_loader | PROJECT = etl-project-497923
2026-06-21 15:48:45,393 | INFO | loaders.bigquery_loader | DATASET = end_to_end
2026-06-21 15:48:45,393 | INFO | loaders.bigquery_loader | fact_cart_events: metadata num_rows = 3010000
2026-06-21 15:48:46,909 | INFO | loaders.bigquery_loader | fact_cart_events: actual count = 3010000
2026-06-21 15:48:47,299 | INFO | loaders.bigquery_loader | fact_cart_events: 3010000 rows
2026-06-21 15:48:47,299 | INFO | orchestration.pipeline_orchestrator |   ✓ fact_cart_events: 3,010,000 rows loaded
2026-06-21 15:48:47,708 | INFO | loaders.bigquery_loader | fact_bank_transactions: Đã xóa bảng cũ để tạo lại với schema mới
2026-06-21 15:48:52,712 | INFO | loaders.bigquery_loader | fact_bank_transactions: Converting partition column 'transaction_date' to datetime
2026-06-21 15:48:52,734 | INFO | loaders.bigquery_loader | transaction_date dtype = datetime64[ns, UTC]
2026-06-21 15:48:52,734 | INFO | loaders.bigquery_loader | 2   2024-11-12 00:08:14.298768+00:00
3   2025-11-29 16:05:19.304024+00:00
4   2025-12-13 16:05:19.304024+00:00
5   2025-10-22 16:05:19.305386+00:00
6   2025-12-31 16:05:19.305386+00:00
Name: transaction_date, dtype: datetime64[ns, UTC]
2026-06-21 15:48:52,742 | INFO | loaders.bigquery_loader | fact_bank_transactions: Time partitioning on 'transaction_date' (DATETIME)
2026-06-21 15:48:52,742 | INFO | loaders.bigquery_loader | Loading 5001 rows into etl-project-497923.end_to_end.fact_bank_transactions
2026-06-21 15:48:52,745 | INFO | loaders.bigquery_loader | transaction_key                 object
transaction_id                  object
account_id                      object
transaction_type                object
amount_vnd                     float64
status                          object
transaction_date        datetime64[us]
source                          object
transaction_date_key             Int64
source_system                   object
ingestion_time          datetime64[us]
dtype: object
2026-06-21 15:48:58,036 | INFO | loaders.bigquery_loader | Load completed | job_id=d2c92856-15fc-4911-b105-7b665a0a905e
2026-06-21 15:48:58,037 | INFO | loaders.bigquery_loader | fact_bank_transactions: job output_rows = 5001 (ground truth từ load job)
2026-06-21 15:48:58,037 | INFO | loaders.bigquery_loader | fact_bank_transactions: partitioned table — waiting 15s for BigQuery metadata propagation...
2026-06-21 15:49:08,425 | INFO | loaders.bigquery_loader | TABLE_ID = etl-project-497923.end_to_end.fact_bank_transactions
2026-06-21 15:49:08,425 | INFO | loaders.bigquery_loader | PROJECT = etl-project-497923
2026-06-21 15:49:08,426 | INFO | loaders.bigquery_loader | DATASET = end_to_end
2026-06-21 15:49:08,426 | INFO | loaders.bigquery_loader | fact_bank_transactions: metadata num_rows = 5001
2026-06-21 15:49:09,914 | INFO | loaders.bigquery_loader | fact_bank_transactions: actual count = 5001
2026-06-21 15:49:10,287 | INFO | loaders.bigquery_loader | fact_bank_transactions: 5001 rows
2026-06-21 15:49:10,288 | INFO | orchestration.pipeline_orchestrator |   ✓ fact_bank_transactions: 5,001 rows loaded
2026-06-21 15:49:10,289 | INFO | orchestration.pipeline_orchestrator | 

2026-06-21 15:49:10,289 | INFO | orchestration.pipeline_orchestrator | ========================================
2026-06-21 15:49:10,289 | INFO | orchestration.pipeline_orchestrator | UPDATE AGGREGATES
2026-06-21 15:49:10,290 | INFO | orchestration.pipeline_orchestrator | ========================================
2026-06-21 15:49:10,290 | INFO | orchestration.pipeline_orchestrator |   Updating dim_customer with RFM segments via BigQuery MERGE ...
2026-06-21 15:49:28,932 | INFO | loaders.bigquery_loader | Query executed | job_id=7afa3fac-6836-4ffa-a864-72d2e00f6395
2026-06-21 15:49:28,932 | INFO | orchestration.pipeline_orchestrator |   ✓ dim_customer updated with RFM segments (BigQuery MERGE)
2026-06-21 15:49:28,932 | INFO | orchestration.pipeline_orchestrator |   Fetching product aggregates from fact_order_items ...
2026-06-21 15:49:30,570 | INFO | loaders.bigquery_loader | Query executed | job_id=f9fab249-cc41-4771-9031-89ff0910230a
2026-06-21 15:49:31,414 | INFO | loaders.bigquery_loader | dim_product: Đã xóa bảng cũ để tạo lại với schema mới
2026-06-21 15:49:36,415 | INFO | loaders.bigquery_loader | dim_product: Cấu hình Clustering theo các cột: ['product_id']
2026-06-21 15:49:36,415 | INFO | loaders.bigquery_loader | Loading 1300 rows into etl-project-497923.end_to_end.dim_product
2026-06-21 15:49:36,417 | INFO | loaders.bigquery_loader | product_id                      int64
product_name                   object
sku                            object
barcode                        object
category                       object
brand                          object
price_vnd                       int64
price_usd                     float64
stock_quantity                  int64
source_system                  object
ingestion_time         datetime64[us]
total_revenue_vnd             float64
total_quantity_sold             int64
dtype: object
2026-06-21 15:49:40,420 | INFO | loaders.bigquery_loader | Load completed | job_id=b8052747-8a9d-462a-9807-1bbcb29a36c7
2026-06-21 15:49:40,421 | INFO | loaders.bigquery_loader | dim_product: job output_rows = 1300 (ground truth từ load job)
2026-06-21 15:49:40,802 | INFO | loaders.bigquery_loader | TABLE_ID = etl-project-497923.end_to_end.dim_product
2026-06-21 15:49:40,803 | INFO | loaders.bigquery_loader | PROJECT = etl-project-497923
2026-06-21 15:49:40,803 | INFO | loaders.bigquery_loader | DATASET = end_to_end
2026-06-21 15:49:40,803 | INFO | loaders.bigquery_loader | dim_product: metadata num_rows = 1300
2026-06-21 15:49:42,217 | INFO | loaders.bigquery_loader | dim_product: actual count = 1300
2026-06-21 15:49:42,569 | INFO | loaders.bigquery_loader | dim_product: 1300 rows
2026-06-21 15:49:42,571 | INFO | orchestration.pipeline_orchestrator |   ✓ dim_product updated: 1,300 rows
2026-06-21 15:49:42,571 | INFO | orchestration.pipeline_orchestrator | Aggregates updated
2026-06-21 15:49:42,572 | INFO | orchestration.pipeline_orchestrator | 

2026-06-21 15:49:42,572 | INFO | orchestration.pipeline_orchestrator | ========================================
2026-06-21 15:49:42,572 | INFO | orchestration.pipeline_orchestrator | VALIDATION
2026-06-21 15:49:42,572 | INFO | orchestration.pipeline_orchestrator | ========================================
2026-06-21 15:49:42,986 | INFO | orchestration.pipeline_orchestrator |   ✓ dim_product: 1,300 rows in BigQuery (Expected: 1,300)
2026-06-21 15:49:43,359 | INFO | orchestration.pipeline_orchestrator |   ✓ dim_customer: 100,000 rows in BigQuery (Expected: 100,000)
2026-06-21 15:49:43,724 | INFO | orchestration.pipeline_orchestrator |   ✓ dim_location: 50 rows in BigQuery (Expected: 50)
2026-06-21 15:49:44,133 | INFO | orchestration.pipeline_orchestrator |   ✓ dim_date: 421 rows in BigQuery (Expected: 421)
2026-06-21 15:49:44,134 | INFO | orchestration.pipeline_orchestrator | 

2026-06-21 15:49:44,134 | INFO | orchestration.pipeline_orchestrator | ========================================
2026-06-21 15:49:44,135 | INFO | orchestration.pipeline_orchestrator | VALIDATION
2026-06-21 15:49:44,135 | INFO | orchestration.pipeline_orchestrator | ========================================
2026-06-21 15:49:44,510 | INFO | orchestration.pipeline_orchestrator |   ✓ fact_orders: 700,000 rows in BigQuery (Expected: 700,000)
2026-06-21 15:49:45,046 | INFO | orchestration.pipeline_orchestrator |   ✓ fact_order_items: 2,089,696 rows in BigQuery (Expected: 2,089,696)
2026-06-21 15:49:45,393 | INFO | orchestration.pipeline_orchestrator |   ✓ fact_payments: 106,000 rows in BigQuery (Expected: 106,000)
2026-06-21 15:49:45,786 | INFO | orchestration.pipeline_orchestrator |   ✓ fact_cart_events: 3,010,000 rows in BigQuery (Expected: 3,010,000)
2026-06-21 15:49:46,176 | INFO | orchestration.pipeline_orchestrator |   ✓ fact_bank_transactions: 5,001 rows in BigQuery (Expected: 5,001)
2026-06-21 15:49:46,176 | INFO | orchestration.pipeline_orchestrator | 

2026-06-21 15:49:46,176 | INFO | orchestration.pipeline_orchestrator | ========================================
2026-06-21 15:49:46,177 | INFO | orchestration.pipeline_orchestrator | PIPELINE COMPLETED SUCCESSFULLY (940.8s)
2026-06-21 15:49:46,177 | INFO | orchestration.pipeline_orchestrator | ========================================
2026-06-21 15:49:46,180 | INFO | __main__ | 

2026-06-21 15:49:46,182 | INFO | __main__ | ========================================
2026-06-21 15:49:46,182 | INFO | __main__ | ETL PIPELINE COMPLETED SUCCESSFULLY
2026-06-21 15:49:46,183 | INFO | __main__ | Total Runtime: 940.92 seconds
2026-06-21 15:49:46,184 | INFO | __main__ | ========================================
2026-06-21 20:17:35,900 | INFO | __main__ | 

2026-06-21 20:17:35,900 | INFO | __main__ | ========================================
2026-06-21 20:17:35,901 | INFO | __main__ | STARTING ETL PIPELINE
2026-06-21 20:17:35,901 | INFO | __main__ | ========================================
2026-06-21 20:17:35,901 | INFO | __main__ | Environment variables loaded successfully
2026-06-21 20:17:35,973 | INFO | loaders.bigquery_loader | Connected to BigQuery project=etl-project-497923
2026-06-21 20:17:35,973 | INFO | __main__ | Pipeline orchestrator initialized
2026-06-21 20:17:35,973 | INFO | orchestration.pipeline_orchestrator | 

2026-06-21 20:17:35,973 | INFO | orchestration.pipeline_orchestrator | ========================================
2026-06-21 20:17:35,974 | INFO | orchestration.pipeline_orchestrator | START ETL PIPELINE
2026-06-21 20:17:35,974 | INFO | orchestration.pipeline_orchestrator | ========================================
2026-06-21 20:17:37,902 | INFO | loaders.bigquery_loader | Dataset exists: etl-project-497923.end_to_end
2026-06-21 20:17:37,902 | INFO | orchestration.pipeline_orchestrator | 

2026-06-21 20:17:37,902 | INFO | orchestration.pipeline_orchestrator | ========================================
2026-06-21 20:17:37,904 | INFO | orchestration.pipeline_orchestrator | 
EXTRACT
2026-06-21 20:17:37,905 | INFO | orchestration.pipeline_orchestrator | ========================================
2026-06-21 20:29:40,026 | INFO | orchestration.pipeline_orchestrator |   shopify: 500,000 rows extracted
2026-06-21 20:29:40,031 | INFO | orchestration.pipeline_orchestrator |   product: 1,300 rows extracted
2026-06-21 20:29:40,032 | INFO | orchestration.pipeline_orchestrator |   customer: 100,000 rows extracted
2026-06-21 20:29:40,032 | INFO | orchestration.pipeline_orchestrator |   online: 200,000 rows extracted
2026-06-21 20:29:40,032 | INFO | orchestration.pipeline_orchestrator |   tracking: 3,010,000 rows extracted
2026-06-21 20:29:40,032 | INFO | orchestration.pipeline_orchestrator |   momo: 40,000 rows extracted
2026-06-21 20:29:40,033 | INFO | orchestration.pipeline_orchestrator |   paypal: 11,000 rows extracted
2026-06-21 20:29:40,033 | INFO | orchestration.pipeline_orchestrator |   zalopay: 55,000 rows extracted
2026-06-21 20:29:40,033 | INFO | orchestration.pipeline_orchestrator |   mercury: 5,003 rows extracted
2026-06-21 20:29:40,034 | INFO | orchestration.pipeline_orchestrator |   odoo: 5,000 rows extracted
2026-06-21 20:29:40,034 | INFO | orchestration.pipeline_orchestrator |   sapo: 5,000 rows extracted
2026-06-21 20:29:40,034 | INFO | orchestration.pipeline_orchestrator |   location: 50 rows extracted
2026-06-21 20:29:40,034 | INFO | orchestration.pipeline_orchestrator | Extract completed
2026-06-21 20:29:40,036 | INFO | orchestration.pipeline_orchestrator | Extract finished in 722.13s
2026-06-21 20:29:40,038 | INFO | orchestration.pipeline_orchestrator | 

2026-06-21 20:29:40,039 | INFO | orchestration.pipeline_orchestrator | ========================================
2026-06-21 20:29:40,039 | INFO | orchestration.pipeline_orchestrator | 
TRANSFORM FACTS
2026-06-21 20:29:40,039 | INFO | orchestration.pipeline_orchestrator | ========================================
2026-06-21 20:38:18,203 | INFO | orchestration.pipeline_orchestrator |   fact_orders: 700,000 rows
2026-06-21 20:38:18,211 | INFO | orchestration.pipeline_orchestrator |   fact_order_items: 2,089,696 rows
2026-06-21 20:38:18,212 | INFO | orchestration.pipeline_orchestrator |   fact_payments: 106,000 rows
2026-06-21 20:38:18,213 | INFO | orchestration.pipeline_orchestrator |   fact_cart_events: 3,010,000 rows
2026-06-21 20:38:18,213 | INFO | orchestration.pipeline_orchestrator |   fact_bank_transactions: 5,001 rows
2026-06-21 20:38:18,213 | INFO | orchestration.pipeline_orchestrator | Fact transformation completed
2026-06-21 20:40:01,731 | INFO | orchestration.pipeline_orchestrator | Fact transformation finished in 621.67s
2026-06-21 20:40:01,761 | INFO | orchestration.pipeline_orchestrator | 

2026-06-21 20:40:01,763 | INFO | orchestration.pipeline_orchestrator | ========================================
2026-06-21 20:40:01,764 | INFO | orchestration.pipeline_orchestrator | 
TRANSFORM DIMENSIONS
2026-06-21 20:40:01,764 | INFO | orchestration.pipeline_orchestrator | ========================================
2026-06-21 20:40:31,710 | INFO | orchestration.pipeline_orchestrator |   dim_product: 1,300 rows
2026-06-21 20:40:31,712 | INFO | orchestration.pipeline_orchestrator |   dim_customer: 100,000 rows
2026-06-21 20:40:31,712 | INFO | orchestration.pipeline_orchestrator |   dim_location: 50 rows
2026-06-21 20:40:31,713 | INFO | orchestration.pipeline_orchestrator |   dim_date: 421 rows
2026-06-21 20:40:31,713 | INFO | orchestration.pipeline_orchestrator | Dimension transformation completed
2026-06-21 20:40:31,714 | INFO | orchestration.pipeline_orchestrator | Dimension transformation finished in 29.96s
2026-06-21 20:40:31,717 | INFO | orchestration.pipeline_orchestrator | 

2026-06-21 20:40:31,718 | INFO | orchestration.pipeline_orchestrator | ========================================
2026-06-21 20:40:31,719 | INFO | orchestration.pipeline_orchestrator | LOAD DIMENSIONS
2026-06-21 20:40:31,720 | INFO | orchestration.pipeline_orchestrator | ========================================
2026-06-21 20:40:35,071 | INFO | loaders.bigquery_loader | dim_product: Đã xóa bảng cũ để tạo lại với schema mới
2026-06-21 20:40:40,079 | INFO | loaders.bigquery_loader | Loading 1300 rows into etl-project-497923.end_to_end.dim_product
2026-06-21 20:40:40,090 | INFO | loaders.bigquery_loader | product_id                 int64
product_name              object
sku                       object
barcode                   object
category                  object
brand                     object
price_vnd                  int64
price_usd                float64
stock_quantity             int64
source_system             object
ingestion_time    datetime64[us]
dtype: object
2026-06-21 20:40:46,533 | INFO | loaders.bigquery_loader | Load completed | job_id=15d8dbc3-6e3b-452e-8248-74a38e97c02c
2026-06-21 20:40:46,553 | INFO | loaders.bigquery_loader | dim_product: job output_rows = 1300 (ground truth từ load job)
2026-06-21 20:40:46,977 | INFO | loaders.bigquery_loader | TABLE_ID = etl-project-497923.end_to_end.dim_product
2026-06-21 20:40:46,978 | INFO | loaders.bigquery_loader | PROJECT = etl-project-497923
2026-06-21 20:40:46,984 | INFO | loaders.bigquery_loader | DATASET = end_to_end
2026-06-21 20:40:46,990 | INFO | loaders.bigquery_loader | dim_product: metadata num_rows = 1300
2026-06-21 20:40:48,518 | INFO | loaders.bigquery_loader | dim_product: actual count = 1300
2026-06-21 20:40:48,914 | INFO | loaders.bigquery_loader | dim_product: 1300 rows
2026-06-21 20:40:48,915 | INFO | orchestration.pipeline_orchestrator |   ✓ dim_product: 1,300 rows loaded
2026-06-21 20:40:50,006 | INFO | loaders.bigquery_loader | dim_customer: Đã xóa bảng cũ để tạo lại với schema mới
2026-06-21 20:40:55,016 | INFO | loaders.bigquery_loader | created_at dtype = datetime64[us]
2026-06-21 20:40:55,025 | INFO | loaders.bigquery_loader | 0   2024-06-26 19:59:26.216251
1   2025-10-07 19:59:26.216251
2   2025-07-06 19:59:26.216251
3   2024-07-23 19:59:26.216251
4   2025-05-11 19:59:26.216251
Name: created_at, dtype: datetime64[us]
2026-06-21 20:40:55,106 | INFO | loaders.bigquery_loader | dim_customer: Time partitioning on 'created_at' (DATETIME)
2026-06-21 20:40:55,113 | INFO | loaders.bigquery_loader | dim_customer: Cấu hình Clustering theo các cột: ['customer_id']
2026-06-21 20:40:55,116 | INFO | loaders.bigquery_loader | Loading 100000 rows into etl-project-497923.end_to_end.dim_customer
2026-06-21 20:40:55,198 | INFO | loaders.bigquery_loader | customer_id                    int64
full_name                     object
phone                         object
city                          object
country                       object
created_at            datetime64[us]
lifetime_value_vnd             int64
total_orders                   int64
customer_segment              object
first_order_date      datetime64[us]
last_order_date       datetime64[us]
source_system                 object
ingestion_time        datetime64[us]
dtype: object
2026-06-21 20:41:16,589 | INFO | loaders.bigquery_loader | Load completed | job_id=c7be9e25-55fa-4675-abc5-91ed2b417e21
2026-06-21 20:41:16,590 | INFO | loaders.bigquery_loader | dim_customer: job output_rows = 100000 (ground truth từ load job)
2026-06-21 20:41:16,591 | INFO | loaders.bigquery_loader | dim_customer: partitioned table — waiting 15s for BigQuery metadata propagation...
2026-06-21 20:41:27,046 | INFO | loaders.bigquery_loader | TABLE_ID = etl-project-497923.end_to_end.dim_customer
2026-06-21 20:41:27,047 | INFO | loaders.bigquery_loader | PROJECT = etl-project-497923
2026-06-21 20:41:27,047 | INFO | loaders.bigquery_loader | DATASET = end_to_end
2026-06-21 20:41:27,048 | INFO | loaders.bigquery_loader | dim_customer: metadata num_rows = 100000
2026-06-21 20:41:28,958 | INFO | loaders.bigquery_loader | dim_customer: actual count = 100000
2026-06-21 20:41:29,358 | INFO | loaders.bigquery_loader | dim_customer: 100000 rows
2026-06-21 20:41:29,358 | INFO | orchestration.pipeline_orchestrator |   ✓ dim_customer: 100,000 rows loaded
2026-06-21 20:41:29,717 | INFO | loaders.bigquery_loader | dim_location: Đã xóa bảng cũ để tạo lại với schema mới
2026-06-21 20:41:34,726 | INFO | loaders.bigquery_loader | Loading 50 rows into etl-project-497923.end_to_end.dim_location
2026-06-21 20:41:34,754 | INFO | loaders.bigquery_loader | location_id                int64
location_code             object
location_name             object
city                      object
address                   object
phone                     object
is_active                 object
source_system             object
ingestion_time    datetime64[us]
dtype: object
2026-06-21 20:41:39,881 | INFO | loaders.bigquery_loader | Load completed | job_id=a73cece1-ef2c-4d18-ab87-06e19d94097d
2026-06-21 20:41:39,881 | INFO | loaders.bigquery_loader | dim_location: job output_rows = 50 (ground truth từ load job)
2026-06-21 20:41:40,431 | INFO | loaders.bigquery_loader | TABLE_ID = etl-project-497923.end_to_end.dim_location
2026-06-21 20:41:40,432 | INFO | loaders.bigquery_loader | PROJECT = etl-project-497923
2026-06-21 20:41:40,432 | INFO | loaders.bigquery_loader | DATASET = end_to_end
2026-06-21 20:41:40,432 | INFO | loaders.bigquery_loader | dim_location: metadata num_rows = 50
2026-06-21 20:41:41,903 | INFO | loaders.bigquery_loader | dim_location: actual count = 50
2026-06-21 20:41:42,351 | INFO | loaders.bigquery_loader | dim_location: 50 rows
2026-06-21 20:41:42,351 | INFO | orchestration.pipeline_orchestrator |   ✓ dim_location: 50 rows loaded
2026-06-21 20:41:42,777 | INFO | loaders.bigquery_loader | dim_date: Đã xóa bảng cũ để tạo lại với schema mới
2026-06-21 20:41:47,779 | INFO | loaders.bigquery_loader | Loading 421 rows into etl-project-497923.end_to_end.dim_date
2026-06-21 20:41:47,813 | INFO | loaders.bigquery_loader | date_key                   int64
full_date         datetime64[us]
year                       int32
quarter                   object
month                      int32
month_name                object
week                       int64
day_of_month               int32
day_of_week                int32
day_name                  object
is_weekend                  bool
is_holiday                  bool
fiscal_year                int32
fiscal_quarter            object
source_system             object
ingestion_time    datetime64[us]
dtype: object
2026-06-21 20:41:51,644 | INFO | loaders.bigquery_loader | Load completed | job_id=cffd298b-036b-4205-bafd-a575c789b520
2026-06-21 20:41:51,645 | INFO | loaders.bigquery_loader | dim_date: job output_rows = 421 (ground truth từ load job)
2026-06-21 20:41:52,006 | INFO | loaders.bigquery_loader | TABLE_ID = etl-project-497923.end_to_end.dim_date
2026-06-21 20:41:52,007 | INFO | loaders.bigquery_loader | PROJECT = etl-project-497923
2026-06-21 20:41:52,007 | INFO | loaders.bigquery_loader | DATASET = end_to_end
2026-06-21 20:41:52,007 | INFO | loaders.bigquery_loader | dim_date: metadata num_rows = 421
2026-06-21 20:41:53,343 | INFO | loaders.bigquery_loader | dim_date: actual count = 421
2026-06-21 20:41:53,746 | INFO | loaders.bigquery_loader | dim_date: 421 rows
2026-06-21 20:41:53,746 | INFO | orchestration.pipeline_orchestrator |   ✓ dim_date: 421 rows loaded
2026-06-21 20:41:53,747 | INFO | orchestration.pipeline_orchestrator | 

2026-06-21 20:41:53,747 | INFO | orchestration.pipeline_orchestrator | ========================================
2026-06-21 20:41:53,747 | INFO | orchestration.pipeline_orchestrator | LOAD FACTS
2026-06-21 20:41:53,747 | INFO | orchestration.pipeline_orchestrator | ========================================
2026-06-21 20:42:05,275 | INFO | loaders.bigquery_loader | fact_orders: Đã xóa bảng cũ để tạo lại với schema mới
2026-06-21 20:42:10,278 | INFO | loaders.bigquery_loader | order_date dtype = datetime64[us]
2026-06-21 20:42:10,278 | INFO | loaders.bigquery_loader | 0   2025-12-25 15:48:54.546468
1   2025-03-04 15:48:54.546468
2   2025-03-31 15:48:54.546468
3   2025-10-01 15:48:54.547481
4   2025-05-27 15:48:54.547481
Name: order_date, dtype: datetime64[us]
2026-06-21 20:42:10,281 | INFO | loaders.bigquery_loader | fact_orders: Time partitioning on 'order_date' (DATETIME)
2026-06-21 20:42:10,282 | INFO | loaders.bigquery_loader | fact_orders: Cấu hình Clustering theo các cột: ['customer_id', 'channel']
2026-06-21 20:42:10,282 | INFO | loaders.bigquery_loader | Loading 700000 rows into etl-project-497923.end_to_end.fact_orders
2026-06-21 20:42:10,319 | INFO | loaders.bigquery_loader | order_key                 object
order_id                  object
transaction_id            object
customer_id                int64
order_date        datetime64[us]
channel                   object
source                    object
status                    object
payment_status            object
total_vnd                  int64
total_usd                float64
order_date_key             Int64
source_system             object
ingestion_time    datetime64[us]
dtype: object
2026-06-21 20:43:05,413 | INFO | loaders.bigquery_loader | Load completed | job_id=ef1ab6f5-692f-4e1f-b5d8-d88b8184c094
2026-06-21 20:43:05,413 | INFO | loaders.bigquery_loader | fact_orders: job output_rows = 700000 (ground truth từ load job)
2026-06-21 20:43:05,414 | INFO | loaders.bigquery_loader | fact_orders: partitioned table — waiting 15s for BigQuery metadata propagation...
2026-06-21 20:43:15,817 | INFO | loaders.bigquery_loader | TABLE_ID = etl-project-497923.end_to_end.fact_orders
2026-06-21 20:43:15,818 | INFO | loaders.bigquery_loader | PROJECT = etl-project-497923
2026-06-21 20:43:15,818 | INFO | loaders.bigquery_loader | DATASET = end_to_end
2026-06-21 20:43:15,818 | INFO | loaders.bigquery_loader | fact_orders: metadata num_rows = 700000
2026-06-21 20:43:17,399 | INFO | loaders.bigquery_loader | fact_orders: actual count = 700000
2026-06-21 20:43:17,777 | INFO | loaders.bigquery_loader | fact_orders: 700000 rows
2026-06-21 20:43:17,778 | INFO | orchestration.pipeline_orchestrator |   ✓ fact_orders: 700,000 rows loaded
2026-06-21 20:43:34,890 | INFO | loaders.bigquery_loader | fact_order_items: Đã xóa bảng cũ để tạo lại với schema mới
2026-06-21 20:43:39,892 | INFO | loaders.bigquery_loader | order_date dtype = datetime64[us]
2026-06-21 20:43:39,892 | INFO | loaders.bigquery_loader | 0   2025-12-25 15:48:54.546468
1   2025-12-25 15:48:54.546468
2   2025-12-25 15:48:54.546468
3   2025-12-25 15:48:54.546468
4   2025-03-04 15:48:54.546468
Name: order_date, dtype: datetime64[us]
2026-06-21 20:43:39,894 | INFO | loaders.bigquery_loader | fact_order_items: Time partitioning on 'order_date' (DATETIME)
2026-06-21 20:43:39,895 | INFO | loaders.bigquery_loader | fact_order_items: Cấu hình Clustering theo các cột: ['product_id']
2026-06-21 20:43:39,895 | INFO | loaders.bigquery_loader | Loading 2089696 rows into etl-project-497923.end_to_end.fact_order_items
2026-06-21 20:43:39,951 | INFO | loaders.bigquery_loader | order_item_key            object
order_key                 object
transaction_id            object
order_date        datetime64[us]
order_date_key             Int64
product_id                 int64
product_name              object
quantity                   int64
unit_price_vnd             int64
line_total_vnd             int64
source_system             object
ingestion_time    datetime64[us]
dtype: object
2026-06-21 20:44:14,593 | INFO | loaders.bigquery_loader | Load completed | job_id=2efbbd15-6008-4057-ae08-5b76c46ef60b
2026-06-21 20:44:14,594 | INFO | loaders.bigquery_loader | fact_order_items: job output_rows = 2089696 (ground truth từ load job)
2026-06-21 20:44:14,594 | INFO | loaders.bigquery_loader | fact_order_items: partitioned table — waiting 15s for BigQuery metadata propagation...
2026-06-21 20:44:24,974 | INFO | loaders.bigquery_loader | TABLE_ID = etl-project-497923.end_to_end.fact_order_items
2026-06-21 20:44:24,975 | INFO | loaders.bigquery_loader | PROJECT = etl-project-497923
2026-06-21 20:44:24,975 | INFO | loaders.bigquery_loader | DATASET = end_to_end
2026-06-21 20:44:24,975 | INFO | loaders.bigquery_loader | fact_order_items: metadata num_rows = 2089696
2026-06-21 20:44:26,631 | INFO | loaders.bigquery_loader | fact_order_items: actual count = 2089696
2026-06-21 20:44:26,984 | INFO | loaders.bigquery_loader | fact_order_items: 2089696 rows
2026-06-21 20:44:26,984 | INFO | orchestration.pipeline_orchestrator |   ✓ fact_order_items: 2,089,696 rows loaded
2026-06-21 20:44:27,938 | INFO | loaders.bigquery_loader | fact_payments: Đã xóa bảng cũ để tạo lại với schema mới
2026-06-21 20:44:32,940 | INFO | loaders.bigquery_loader | payment_date dtype = datetime64[us]
2026-06-21 20:44:32,940 | INFO | loaders.bigquery_loader | 0   2025-12-27 12:10:58.263720
1   2025-11-24 17:58:58.263720
2   2025-10-09 17:27:58.264826
3   2025-12-31 10:25:58.264826
4   2025-11-26 00:03:58.265823
Name: payment_date, dtype: datetime64[us]
2026-06-21 20:44:32,942 | INFO | loaders.bigquery_loader | fact_payments: Time partitioning on 'payment_date' (DATETIME)
2026-06-21 20:44:32,942 | INFO | loaders.bigquery_loader | fact_payments: Cấu hình Clustering theo các cột: ['customer_id', 'payment_gateway']
2026-06-21 20:44:32,942 | INFO | loaders.bigquery_loader | Loading 106000 rows into etl-project-497923.end_to_end.fact_payments
2026-06-21 20:44:32,948 | INFO | loaders.bigquery_loader | payment_key                 object
transaction_id              object
order_id                    object
customer_id                  int64
payment_gateway             object
amount_vnd                 float64
payment_status              object
payment_date        datetime64[us]
payment_method              object
payment_date_key             Int64
source_system               object
ingestion_time      datetime64[us]
dtype: object
2026-06-21 20:44:42,651 | INFO | loaders.bigquery_loader | Load completed | job_id=1ecc69dc-04a8-4046-ae81-b7f0e99ad3a2
2026-06-21 20:44:42,651 | INFO | loaders.bigquery_loader | fact_payments: job output_rows = 106000 (ground truth từ load job)
2026-06-21 20:44:42,652 | INFO | loaders.bigquery_loader | fact_payments: partitioned table — waiting 15s for BigQuery metadata propagation...
2026-06-21 20:44:53,095 | INFO | loaders.bigquery_loader | TABLE_ID = etl-project-497923.end_to_end.fact_payments
2026-06-21 20:44:53,096 | INFO | loaders.bigquery_loader | PROJECT = etl-project-497923
2026-06-21 20:44:53,096 | INFO | loaders.bigquery_loader | DATASET = end_to_end
2026-06-21 20:44:53,096 | INFO | loaders.bigquery_loader | fact_payments: metadata num_rows = 106000
2026-06-21 20:44:54,700 | INFO | loaders.bigquery_loader | fact_payments: actual count = 106000
2026-06-21 20:44:55,145 | INFO | loaders.bigquery_loader | fact_payments: 106000 rows
2026-06-21 20:44:55,145 | INFO | orchestration.pipeline_orchestrator |   ✓ fact_payments: 106,000 rows loaded
2026-06-21 20:45:15,255 | INFO | loaders.bigquery_loader | fact_cart_events: Đã xóa bảng cũ để tạo lại với schema mới
2026-06-21 20:45:20,257 | INFO | loaders.bigquery_loader | event_timestamp dtype = datetime64[us]
2026-06-21 20:45:20,258 | INFO | loaders.bigquery_loader | 0   2025-08-25 23:04:11.545981
1   2025-08-25 23:19:20.551041
2   2025-08-25 23:21:15.511186
3   2025-08-25 23:37:08.495591
4   2025-08-25 23:55:55.495591
Name: event_timestamp, dtype: datetime64[us]
2026-06-21 20:45:20,259 | INFO | loaders.bigquery_loader | fact_cart_events: Time partitioning on 'event_timestamp' (DATETIME)
2026-06-21 20:45:20,260 | INFO | loaders.bigquery_loader | fact_cart_events: Cấu hình Clustering theo các cột: ['customer_id', 'session_id', 'event_type']
2026-06-21 20:45:20,260 | INFO | loaders.bigquery_loader | Loading 3010000 rows into etl-project-497923.end_to_end.fact_cart_events
2026-06-21 20:45:20,329 | INFO | loaders.bigquery_loader | event_key                  object
event_id                   object
session_id                 object
customer_id                 Int64
event_type                 object
event_timestamp    datetime64[us]
product_id                  Int64
source                     object
device                     object
utm_source                 object
utm_campaign               object
event_date_key              Int64
source_system              object
ingestion_time     datetime64[us]
dtype: object
2026-06-21 20:46:47,941 | INFO | loaders.bigquery_loader | Load completed | job_id=af707b61-b439-4139-ad3d-1f95a4fc2305
2026-06-21 20:46:47,943 | INFO | loaders.bigquery_loader | fact_cart_events: job output_rows = 3010000 (ground truth từ load job)
2026-06-21 20:46:47,943 | INFO | loaders.bigquery_loader | fact_cart_events: partitioned table — waiting 15s for BigQuery metadata propagation...
2026-06-21 20:46:58,363 | INFO | loaders.bigquery_loader | TABLE_ID = etl-project-497923.end_to_end.fact_cart_events
2026-06-21 20:46:58,363 | INFO | loaders.bigquery_loader | PROJECT = etl-project-497923
2026-06-21 20:46:58,364 | INFO | loaders.bigquery_loader | DATASET = end_to_end
2026-06-21 20:46:58,365 | INFO | loaders.bigquery_loader | fact_cart_events: metadata num_rows = 3010000
2026-06-21 20:46:59,901 | INFO | loaders.bigquery_loader | fact_cart_events: actual count = 3010000
2026-06-21 20:47:00,278 | INFO | loaders.bigquery_loader | fact_cart_events: 3010000 rows
2026-06-21 20:47:00,279 | INFO | orchestration.pipeline_orchestrator |   ✓ fact_cart_events: 3,010,000 rows loaded
2026-06-21 20:47:01,172 | INFO | loaders.bigquery_loader | fact_bank_transactions: Đã xóa bảng cũ để tạo lại với schema mới
2026-06-21 20:47:06,268 | INFO | loaders.bigquery_loader | fact_bank_transactions: Converting partition column 'transaction_date' to datetime
2026-06-21 20:47:07,618 | INFO | loaders.bigquery_loader | transaction_date dtype = datetime64[ns, UTC]
2026-06-21 20:47:07,651 | INFO | loaders.bigquery_loader | 2   2024-11-12 00:08:14.298768+00:00
3   2025-11-29 16:05:19.304024+00:00
4   2025-12-13 16:05:19.304024+00:00
5   2025-10-22 16:05:19.305386+00:00
6   2025-12-31 16:05:19.305386+00:00
Name: transaction_date, dtype: datetime64[ns, UTC]
2026-06-21 20:47:08,007 | INFO | loaders.bigquery_loader | fact_bank_transactions: Time partitioning on 'transaction_date' (DATETIME)
2026-06-21 20:47:08,028 | INFO | loaders.bigquery_loader | Loading 5001 rows into etl-project-497923.end_to_end.fact_bank_transactions
2026-06-21 20:47:09,563 | INFO | loaders.bigquery_loader | transaction_key                 object
transaction_id                  object
account_id                      object
transaction_type                object
amount_vnd                     float64
status                          object
transaction_date        datetime64[us]
source                          object
transaction_date_key             Int64
source_system                   object
ingestion_time          datetime64[us]
dtype: object
2026-06-21 20:47:17,243 | INFO | loaders.bigquery_loader | Load completed | job_id=d0515dab-9a88-44c3-97e4-8180a7ba04ee
2026-06-21 20:47:17,244 | INFO | loaders.bigquery_loader | fact_bank_transactions: job output_rows = 5001 (ground truth từ load job)
2026-06-21 20:47:17,244 | INFO | loaders.bigquery_loader | fact_bank_transactions: partitioned table — waiting 15s for BigQuery metadata propagation...
2026-06-21 20:47:27,582 | INFO | loaders.bigquery_loader | TABLE_ID = etl-project-497923.end_to_end.fact_bank_transactions
2026-06-21 20:47:27,582 | INFO | loaders.bigquery_loader | PROJECT = etl-project-497923
2026-06-21 20:47:27,583 | INFO | loaders.bigquery_loader | DATASET = end_to_end
2026-06-21 20:47:27,583 | INFO | loaders.bigquery_loader | fact_bank_transactions: metadata num_rows = 5001
2026-06-21 20:47:29,082 | INFO | loaders.bigquery_loader | fact_bank_transactions: actual count = 5001
2026-06-21 20:47:29,439 | INFO | loaders.bigquery_loader | fact_bank_transactions: 5001 rows
2026-06-21 20:47:29,440 | INFO | orchestration.pipeline_orchestrator |   ✓ fact_bank_transactions: 5,001 rows loaded
2026-06-21 20:47:29,459 | INFO | orchestration.pipeline_orchestrator | 

2026-06-21 20:47:29,460 | INFO | orchestration.pipeline_orchestrator | ========================================
2026-06-21 20:47:29,464 | INFO | orchestration.pipeline_orchestrator | UPDATE AGGREGATES
2026-06-21 20:47:29,464 | INFO | orchestration.pipeline_orchestrator | ========================================
2026-06-21 20:47:29,466 | INFO | orchestration.pipeline_orchestrator |   Updating dim_customer with RFM segments via BigQuery MERGE ...
2026-06-21 20:47:49,232 | INFO | loaders.bigquery_loader | Query executed | job_id=0c759478-22e9-47fc-9de6-660621cd1997
2026-06-21 20:47:49,234 | INFO | orchestration.pipeline_orchestrator |   ✓ dim_customer updated with RFM segments (BigQuery MERGE)
2026-06-21 20:47:49,234 | INFO | orchestration.pipeline_orchestrator |   Fetching product aggregates from fact_order_items ...
2026-06-21 20:48:03,161 | INFO | loaders.bigquery_loader | Query executed | job_id=675187b9-e687-483b-af4b-8929187364cb
2026-06-21 20:48:04,225 | INFO | loaders.bigquery_loader | dim_product: Đã xóa bảng cũ để tạo lại với schema mới
2026-06-21 20:48:09,229 | INFO | loaders.bigquery_loader | dim_product: Cấu hình Clustering theo các cột: ['product_id']
2026-06-21 20:48:09,230 | INFO | loaders.bigquery_loader | Loading 1300 rows into etl-project-497923.end_to_end.dim_product
2026-06-21 20:48:09,335 | INFO | loaders.bigquery_loader | product_id                      int64
product_name                   object
sku                            object
barcode                        object
category                       object
brand                          object
price_vnd                       int64
price_usd                     float64
stock_quantity                  int64
source_system                  object
ingestion_time         datetime64[us]
total_revenue_vnd             float64
total_quantity_sold             int64
dtype: object
2026-06-21 20:48:14,110 | INFO | loaders.bigquery_loader | Load completed | job_id=e929150c-9261-49bd-9e37-5d2f1b8f1a2c
2026-06-21 20:48:14,111 | INFO | loaders.bigquery_loader | dim_product: job output_rows = 1300 (ground truth từ load job)
2026-06-21 20:48:14,509 | INFO | loaders.bigquery_loader | TABLE_ID = etl-project-497923.end_to_end.dim_product
2026-06-21 20:48:14,510 | INFO | loaders.bigquery_loader | PROJECT = etl-project-497923
2026-06-21 20:48:14,510 | INFO | loaders.bigquery_loader | DATASET = end_to_end
2026-06-21 20:48:14,510 | INFO | loaders.bigquery_loader | dim_product: metadata num_rows = 1300
2026-06-21 20:48:15,942 | INFO | loaders.bigquery_loader | dim_product: actual count = 1300
2026-06-21 20:48:16,354 | INFO | loaders.bigquery_loader | dim_product: 1300 rows
2026-06-21 20:48:16,357 | INFO | orchestration.pipeline_orchestrator |   ✓ dim_product updated: 1,300 rows
2026-06-21 20:48:16,357 | INFO | orchestration.pipeline_orchestrator | Aggregates updated
2026-06-21 20:48:16,374 | INFO | orchestration.pipeline_orchestrator | 

2026-06-21 20:48:16,375 | INFO | orchestration.pipeline_orchestrator | ========================================
2026-06-21 20:48:16,375 | INFO | orchestration.pipeline_orchestrator | CREATE BI TABLES & VIEWS
2026-06-21 20:48:16,376 | INFO | orchestration.pipeline_orchestrator | ========================================
2026-06-21 20:48:16,397 | INFO | orchestration.pipeline_orchestrator | Executing SQL script: vw_cashflow_daily.sql
2026-06-21 20:48:18,140 | INFO | loaders.bigquery_loader | Query executed | job_id=84635528-14c5-43ef-ac1d-4e7c614a6858
2026-06-21 20:48:18,141 | INFO | orchestration.pipeline_orchestrator |   ✓ Successfully deployed: vw_cashflow_daily.sql
2026-06-21 20:48:18,141 | INFO | orchestration.pipeline_orchestrator | Executing SQL script: vw_customer_journey.sql
2026-06-21 20:48:19,429 | INFO | loaders.bigquery_loader | Query executed | job_id=fb1994dc-44fc-4bcf-bb5d-5aacc6302254
2026-06-21 20:48:19,437 | INFO | orchestration.pipeline_orchestrator |   ✓ Successfully deployed: vw_customer_journey.sql
2026-06-21 20:48:19,438 | INFO | orchestration.pipeline_orchestrator | Executing SQL script: vw_payment_status.sql
2026-06-21 20:48:23,768 | INFO | loaders.bigquery_loader | Query executed | job_id=d6896d5c-3c05-43a7-9ad9-99a8b78e24b9
2026-06-21 20:48:23,769 | INFO | orchestration.pipeline_orchestrator |   ✓ Successfully deployed: vw_payment_status.sql
2026-06-21 20:48:23,772 | INFO | orchestration.pipeline_orchestrator | 

2026-06-21 20:48:23,772 | INFO | orchestration.pipeline_orchestrator | ========================================
2026-06-21 20:48:23,775 | INFO | orchestration.pipeline_orchestrator | VALIDATION
2026-06-21 20:48:23,775 | INFO | orchestration.pipeline_orchestrator | ========================================
2026-06-21 20:48:24,153 | INFO | orchestration.pipeline_orchestrator |   ✓ dim_product: 1,300 rows in BigQuery (Expected: 1,300)
2026-06-21 20:48:24,562 | INFO | orchestration.pipeline_orchestrator |   ✓ dim_customer: 100,000 rows in BigQuery (Expected: 100,000)
2026-06-21 20:48:24,960 | INFO | orchestration.pipeline_orchestrator |   ✓ dim_location: 50 rows in BigQuery (Expected: 50)
2026-06-21 20:48:25,413 | INFO | orchestration.pipeline_orchestrator |   ✓ dim_date: 421 rows in BigQuery (Expected: 421)
2026-06-21 20:48:25,414 | INFO | orchestration.pipeline_orchestrator | 

2026-06-21 20:48:25,414 | INFO | orchestration.pipeline_orchestrator | ========================================
2026-06-21 20:48:25,414 | INFO | orchestration.pipeline_orchestrator | VALIDATION
2026-06-21 20:48:25,415 | INFO | orchestration.pipeline_orchestrator | ========================================
2026-06-21 20:48:25,794 | INFO | orchestration.pipeline_orchestrator |   ✓ fact_orders: 700,000 rows in BigQuery (Expected: 700,000)
2026-06-21 20:48:26,179 | INFO | orchestration.pipeline_orchestrator |   ✓ fact_order_items: 2,089,696 rows in BigQuery (Expected: 2,089,696)
2026-06-21 20:48:26,577 | INFO | orchestration.pipeline_orchestrator |   ✓ fact_payments: 106,000 rows in BigQuery (Expected: 106,000)
2026-06-21 20:48:26,957 | INFO | orchestration.pipeline_orchestrator |   ✓ fact_cart_events: 3,010,000 rows in BigQuery (Expected: 3,010,000)
2026-06-21 20:48:27,332 | INFO | orchestration.pipeline_orchestrator |   ✓ fact_bank_transactions: 5,001 rows in BigQuery (Expected: 5,001)
2026-06-21 20:48:27,333 | INFO | orchestration.pipeline_orchestrator | 

2026-06-21 20:48:27,334 | INFO | orchestration.pipeline_orchestrator | ========================================
2026-06-21 20:48:27,335 | INFO | orchestration.pipeline_orchestrator | PIPELINE COMPLETED SUCCESSFULLY (1851.4s)
2026-06-21 20:48:27,335 | INFO | orchestration.pipeline_orchestrator | ========================================
2026-06-21 20:48:27,340 | INFO | __main__ | 

2026-06-21 20:48:27,346 | INFO | __main__ | ========================================
2026-06-21 20:48:27,348 | INFO | __main__ | ETL PIPELINE COMPLETED SUCCESSFULLY
2026-06-21 20:48:27,350 | INFO | __main__ | Total Runtime: 1851.44 seconds
2026-06-21 20:48:27,350 | INFO | __main__ | ========================================
2026-06-21 20:48:58,716 | INFO | __main__ | 

2026-06-21 20:48:58,726 | INFO | __main__ | 

2026-06-21 20:48:58,731 | INFO | __main__ | ========================================
2026-06-21 20:48:58,751 | INFO | __main__ | STARTING ETL PIPELINE
2026-06-21 20:48:58,745 | INFO | __main__ | ========================================
2026-06-21 20:48:58,768 | INFO | __main__ | ========================================
2026-06-21 20:48:58,780 | INFO | __main__ | STARTING ETL PIPELINE
2026-06-21 20:48:58,835 | INFO | __main__ | ========================================
2026-06-21 20:48:58,852 | INFO | __main__ | Environment variables loaded successfully
2026-06-21 20:48:58,854 | INFO | __main__ | Environment variables loaded successfully
2026-06-21 20:49:00,328 | INFO | loaders.bigquery_loader | Connected to BigQuery project=etl-project-497923
2026-06-21 20:49:00,339 | INFO | __main__ | Pipeline orchestrator initialized
2026-06-21 20:49:00,346 | INFO | orchestration.pipeline_orchestrator | 

2026-06-21 20:49:00,365 | INFO | orchestration.pipeline_orchestrator | ========================================
2026-06-21 20:49:00,392 | INFO | orchestration.pipeline_orchestrator | START ETL PIPELINE
2026-06-21 20:49:00,425 | INFO | orchestration.pipeline_orchestrator | ========================================
2026-06-21 20:49:00,440 | INFO | loaders.bigquery_loader | Connected to BigQuery project=etl-project-497923
2026-06-21 20:49:00,486 | INFO | __main__ | Pipeline orchestrator initialized
2026-06-21 20:49:00,504 | INFO | orchestration.pipeline_orchestrator | 

2026-06-21 20:49:00,522 | INFO | orchestration.pipeline_orchestrator | ========================================
2026-06-21 20:49:00,542 | INFO | orchestration.pipeline_orchestrator | START ETL PIPELINE
2026-06-21 20:49:00,556 | INFO | orchestration.pipeline_orchestrator | ========================================
2026-06-21 20:49:11,596 | INFO | loaders.bigquery_loader | Dataset exists: etl-project-497923.end_to_end
2026-06-21 20:49:11,600 | INFO | orchestration.pipeline_orchestrator | 

2026-06-21 20:49:11,606 | INFO | orchestration.pipeline_orchestrator | ========================================
2026-06-21 20:49:11,611 | INFO | orchestration.pipeline_orchestrator | 
EXTRACT
2026-06-21 20:49:11,617 | INFO | orchestration.pipeline_orchestrator | ========================================
2026-06-21 20:49:12,312 | INFO | loaders.bigquery_loader | Dataset exists: etl-project-497923.end_to_end
2026-06-21 20:49:12,315 | INFO | orchestration.pipeline_orchestrator | 

2026-06-21 20:49:12,318 | INFO | orchestration.pipeline_orchestrator | ========================================
2026-06-21 20:49:12,326 | INFO | orchestration.pipeline_orchestrator | 
EXTRACT
2026-06-21 20:49:12,331 | INFO | orchestration.pipeline_orchestrator | ========================================
